<?xml version="1.0" encoding="UTF-8"?>
<coverage generated="1651431906857" clover="3.2.0">
  <project timestamp="1651431906857" name="All files">
    <metrics statements="27" coveredstatements="17" conditionals="6" coveredconditionals="0" methods="9" coveredmethods="6" elements="42" coveredelements="23" complexity="0" loc="27" ncloc="27" packages="5" files="9" classes="9"/>
    <package name="src">
      <metrics statements="5" coveredstatements="5" conditionals="0" coveredconditionals="0" methods="1" coveredmethods="1"/>
      <file name="createServer.ts" path="/Users/berkeli/Git/Coursework/NODE/node-challenge-quote-server/server/src/createServer.ts">
        <metrics statements="5" coveredstatements="5" conditionals="0" coveredconditionals="0" methods="1" coveredmethods="1"/>
        <line num="5" count="2" type="stmt"/>
        <line num="11" count="2" type="stmt"/>
        <line num="12" count="2" type="stmt"/>
        <line num="13" count="2" type="stmt"/>
        <line num="14" count="2" type="stmt"/>
      </file>
    </package>
    <package name="src.constants">
      <metrics statements="1" coveredstatements="1" conditionals="0" coveredconditionals="0" methods="0" coveredmethods="0"/>
      <file name="index.ts" path="/Users/berkeli/Git/Coursework/NODE/node-challenge-quote-server/server/src/constants/index.ts">
        <metrics statements="1" coveredstatements="1" conditionals="0" coveredconditionals="0" methods="0" coveredmethods="0"/>
        <line num="2" count="2" type="stmt"/>
      </file>
      <file name="quotes.ts" path="/Users/berkeli/Git/Coursework/NODE/node-challenge-quote-server/server/src/constants/quotes.ts">
        <metrics statements="0" coveredstatements="0" conditionals="0" coveredconditionals="0" methods="0" coveredmethods="0"/>
      </file>
    </package>
    <package name="src.routes">
      <metrics statements="7" coveredstatements="7" conditionals="0" coveredconditionals="0" methods="0" coveredmethods="0"/>
      <file name="index.ts" path="/Users/berkeli/Git/Coursework/NODE/node-challenge-quote-server/server/src/routes/index.ts">
        <metrics statements="7" coveredstatements="7" conditionals="0" coveredconditionals="0" methods="0" coveredmethods="0"/>
        <line num="4" count="2" type="stmt"/>
        <line num="6" count="2" type="stmt"/>
        <line num="7" count="2" type="stmt"/>
        <line num="8" count="2" type="stmt"/>
        <line num="9" count="2" type="stmt"/>
        <line num="10" count="2" type="stmt"/>
        <line num="11" count="2" type="stmt"/>
      </file>
    </package>
    <package name="src.routes.resolvers">
      <metrics statements="13" coveredstatements="3" conditionals="6" coveredconditionals="0" methods="6" coveredmethods="3"/>
      <file name="homePage.ts" path="/Users/berkeli/Git/Coursework/NODE/node-challenge-quote-server/server/src/routes/resolvers/homePage.ts">
        <metrics statements="1" coveredstatements="1" conditionals="0" coveredconditionals="0" methods="1" coveredmethods="1"/>
        <line num="5" count="2" type="stmt"/>
      </file>
      <file name="index.ts" path="/Users/berkeli/Git/Coursework/NODE/node-challenge-quote-server/server/src/routes/resolvers/index.ts">
        <metrics statements="0" coveredstatements="0" conditionals="0" coveredconditionals="0" methods="0" coveredmethods="0"/>
      </file>
      <file name="quotes.ts" path="/Users/berkeli/Git/Coursework/NODE/node-challenge-quote-server/server/src/routes/resolvers/quotes.ts">
        <metrics statements="11" coveredstatements="2" conditionals="6" coveredconditionals="0" methods="4" coveredmethods="2"/>
        <line num="7" count="3" type="stmt"/>
        <line num="11" count="2" type="stmt"/>
        <line num="15" count="0" type="stmt"/>
        <line num="16" count="0" type="cond" truecount="0" falsecount="2"/>
        <line num="17" count="0" type="stmt"/>
        <line num="19" count="0" type="cond" truecount="0" falsecount="2"/>
        <line num="20" count="0" type="stmt"/>
        <line num="22" count="0" type="stmt"/>
        <line num="23" count="0" type="cond" truecount="0" falsecount="2"/>
        <line num="24" count="0" type="stmt"/>
        <line num="26" count="0" type="stmt"/>
      </file>
      <file name="routeNotFound.ts" path="/Users/berkeli/Git/Coursework/NODE/node-challenge-quote-server/server/src/routes/resolvers/routeNotFound.ts">
        <metrics statements="1" coveredstatements="0" conditionals="0" coveredconditionals="0" methods="1" coveredmethods="0"/>
        <line num="4" count="0" type="stmt"/>
      </file>
    </package>
    <package name="src.utils">
      <metrics statements="1" coveredstatements="1" conditionals="0" coveredconditionals="0" methods="2" coveredmethods="2"/>
      <file name="matchStrings.ts" path="/Users/berkeli/Git/Coursework/NODE/node-challenge-quote-server/server/src/utils/matchStrings.ts">
        <metrics statements="1" coveredstatements="1" conditionals="0" coveredconditionals="0" methods="2" coveredmethods="2"/>
        <line num="2" count="5" type="stmt"/>
      </file>
    </package>
  </project>
</coverage>
