{"/Users/berkeli/Git/Coursework/NODE/node-challenge-quote-server/server/src/createServer.ts": {"path":"/Users/berkeli/Git/Coursework/NODE/node-challenge-quote-server/server/src/createServer.ts","statementMap":{"0":{"start":{"line":5,"column":0},"end":{"line":5,"column":16}},"1":{"start":{"line":11,"column":34},"end":{"line":11,"column":43}},"2":{"start":{"line":12,"column":2},"end":{"line":12,"column":17}},"3":{"start":{"line":13,"column":2},"end":{"line":13,"column":23}},"4":{"start":{"line":14,"column":2},"end":{"line":14,"column":12}}},"fnMap":{"0":{"name":"(anonymous_0)","decl":{"start":{"line":10,"column":15},"end":{"line":10,"column":16}},"loc":{"start":{"line":10,"column":47},"end":{"line":15,"column":1}},"line":10}},"branchMap":{},"s":{"0":2,"1":2,"2":2,"3":2,"4":2},"f":{"0":2},"b":{},"_coverageSchema":"1a1c01bbd47fc00a2c39e90264f33305004495a9","hash":"1149a0df1eec65dad4ea021266caae1907cc96a5"}
,"/Users/berkeli/Git/Coursework/NODE/node-challenge-quote-server/server/src/constants/index.ts": {"path":"/Users/berkeli/Git/Coursework/NODE/node-challenge-quote-server/server/src/constants/index.ts","statementMap":{"0":{"start":{"line":2,"column":28},"end":{"line":2,"column":104}}},"fnMap":{},"branchMap":{},"s":{"0":2},"f":{},"b":{},"_coverageSchema":"1a1c01bbd47fc00a2c39e90264f33305004495a9","hash":"73b7f3e1552014b00855e15ef2acf0bfd1724d4e"}
,"/Users/berkeli/Git/Coursework/NODE/node-challenge-quote-server/server/src/constants/quotes.ts": {"path":"/Users/berkeli/Git/Coursework/NODE/node-challenge-quote-server/server/src/constants/quotes.ts","statementMap":{},"fnMap":{},"branchMap":{},"s":{},"f":{},"b":{},"_coverageSchema":"1a1c01bbd47fc00a2c39e90264f33305004495a9","hash":"a18ce9c03cbc441cdc2f81a2df5ac47dd88efeb4"}
,"/Users/berkeli/Git/Coursework/NODE/node-challenge-quote-server/server/src/routes/index.ts": {"path":"/Users/berkeli/Git/Coursework/NODE/node-challenge-quote-server/server/src/routes/index.ts","statementMap":{"0":{"start":{"line":4,"column":15},"end":{"line":4,"column":31}},"1":{"start":{"line":6,"column":0},"end":{"line":6,"column":26}},"2":{"start":{"line":7,"column":0},"end":{"line":7,"column":33}},"3":{"start":{"line":8,"column":0},"end":{"line":8,"column":40}},"4":{"start":{"line":9,"column":0},"end":{"line":9,"column":52}},"5":{"start":{"line":10,"column":0},"end":{"line":10,"column":49}},"6":{"start":{"line":11,"column":0},"end":{"line":11,"column":31}}},"fnMap":{},"branchMap":{},"s":{"0":2,"1":2,"2":2,"3":2,"4":2,"5":2,"6":2},"f":{},"b":{},"_coverageSchema":"1a1c01bbd47fc00a2c39e90264f33305004495a9","hash":"f566df582353efdba104cea07e4e6e9f699e0fcb"}
,"/Users/berkeli/Git/Coursework/NODE/node-challenge-quote-server/server/src/routes/resolvers/homePage.ts": {"path":"/Users/berkeli/Git/Coursework/NODE/node-challenge-quote-server/server/src/routes/resolvers/homePage.ts","statementMap":{"0":{"start":{"line":5,"column":4},"end":{"line":5,"column":27}}},"fnMap":{"0":{"name":"homePage","decl":{"start":{"line":4,"column":16},"end":{"line":4,"column":24}},"loc":{"start":{"line":4,"column":58},"end":{"line":6,"column":1}},"line":4}},"branchMap":{},"s":{"0":2},"f":{"0":2},"b":{},"_coverageSchema":"1a1c01bbd47fc00a2c39e90264f33305004495a9","hash":"38fe9a8637a68e55c1611c514a2331f683a91ccd"}
,"/Users/berkeli/Git/Coursework/NODE/node-challenge-quote-server/server/src/routes/resolvers/index.ts": {"path":"/Users/berkeli/Git/Coursework/NODE/node-challenge-quote-server/server/src/routes/resolvers/index.ts","statementMap":{},"fnMap":{},"branchMap":{},"s":{},"f":{},"b":{},"_coverageSchema":"1a1c01bbd47fc00a2c39e90264f33305004495a9","hash":"8bb946127c53616e314b2efb1ce55167e710f293"}
,"/Users/berkeli/Git/Coursework/NODE/node-challenge-quote-server/server/src/routes/resolvers/quotes.ts": {"path":"/Users/berkeli/Git/Coursework/NODE/node-challenge-quote-server/server/src/routes/resolvers/quotes.ts","statementMap":{"0":{"start":{"line":7,"column":4},"end":{"line":7,"column":21}},"1":{"start":{"line":11,"column":4},"end":{"line":11,"column":31}},"2":{"start":{"line":15,"column":21},"end":{"line":15,"column":30}},"3":{"start":{"line":16,"column":4},"end":{"line":18,"column":5}},"4":{"start":{"line":17,"column":8},"end":{"line":17,"column":71}},"5":{"start":{"line":19,"column":4},"end":{"line":21,"column":5}},"6":{"start":{"line":20,"column":8},"end":{"line":20,"column":56}},"7":{"start":{"line":22,"column":26},"end":{"line":22,"column":97}},"8":{"start":{"line":22,"column":51},"end":{"line":22,"column":96}},"9":{"start":{"line":23,"column":4},"end":{"line":25,"column":5}},"10":{"start":{"line":24,"column":8},"end":{"line":24,"column":49}},"11":{"start":{"line":26,"column":4},"end":{"line":26,"column":28}}},"fnMap":{"0":{"name":"getQuotes","decl":{"start":{"line":6,"column":16},"end":{"line":6,"column":25}},"loc":{"start":{"line":6,"column":59},"end":{"line":8,"column":1}},"line":6},"1":{"name":"getRandomQuote","decl":{"start":{"line":10,"column":16},"end":{"line":10,"column":30}},"loc":{"start":{"line":10,"column":64},"end":{"line":12,"column":1}},"line":10},"2":{"name":"quoteSearch","decl":{"start":{"line":14,"column":16},"end":{"line":14,"column":27}},"loc":{"start":{"line":14,"column":60},"end":{"line":27,"column":1}},"line":14},"3":{"name":"(anonymous_3)","decl":{"start":{"line":22,"column":40},"end":{"line":22,"column":41}},"loc":{"start":{"line":22,"column":51},"end":{"line":22,"column":96}},"line":22}},"branchMap":{"0":{"loc":{"start":{"line":16,"column":4},"end":{"line":18,"column":5}},"type":"if","locations":[{"start":{"line":16,"column":4},"end":{"line":18,"column":5}},{"start":{},"end":{}}],"line":16},"1":{"loc":{"start":{"line":19,"column":4},"end":{"line":21,"column":5}},"type":"if","locations":[{"start":{"line":19,"column":4},"end":{"line":21,"column":5}},{"start":{},"end":{}}],"line":19},"2":{"loc":{"start":{"line":23,"column":4},"end":{"line":25,"column":5}},"type":"if","locations":[{"start":{"line":23,"column":4},"end":{"line":25,"column":5}},{"start":{},"end":{}}],"line":23}},"s":{"0":3,"1":2,"2":0,"3":0,"4":0,"5":0,"6":0,"7":0,"8":0,"9":0,"10":0,"11":0},"f":{"0":3,"1":2,"2":0,"3":0},"b":{"0":[0,0],"1":[0,0],"2":[0,0]},"_coverageSchema":"1a1c01bbd47fc00a2c39e90264f33305004495a9","hash":"ec285035352344acfb33c725190dbdfb14346a4f"}
,"/Users/berkeli/Git/Coursework/NODE/node-challenge-quote-server/server/src/routes/resolvers/routeNotFound.ts": {"path":"/Users/berkeli/Git/Coursework/NODE/node-challenge-quote-server/server/src/routes/resolvers/routeNotFound.ts","statementMap":{"0":{"start":{"line":4,"column":4},"end":{"line":4,"column":53}}},"fnMap":{"0":{"name":"routeNotFound","decl":{"start":{"line":3,"column":16},"end":{"line":3,"column":29}},"loc":{"start":{"line":3,"column":58},"end":{"line":5,"column":1}},"line":3}},"branchMap":{},"s":{"0":0},"f":{"0":0},"b":{},"_coverageSchema":"1a1c01bbd47fc00a2c39e90264f33305004495a9","hash":"99dae837b00107a8e6c681d0d9ed7c8dd31c1d5b"}
,"/Users/berkeli/Git/Coursework/NODE/node-challenge-quote-server/server/src/utils/matchStrings.ts": {"path":"/Users/berkeli/Git/Coursework/NODE/node-challenge-quote-server/server/src/utils/matchStrings.ts","statementMap":{"0":{"start":{"line":2,"column":4},"end":{"line":2,"column":95}},"1":{"start":{"line":2,"column":36},"end":{"line":2,"column":93}}},"fnMap":{"0":{"name":"(anonymous_0)","decl":{"start":{"line":1,"column":15},"end":{"line":1,"column":16}},"loc":{"start":{"line":1,"column":61},"end":{"line":3,"column":1}},"line":1},"1":{"name":"(anonymous_1)","decl":{"start":{"line":2,"column":24},"end":{"line":2,"column":25}},"loc":{"start":{"line":2,"column":36},"end":{"line":2,"column":93}},"line":2}},"branchMap":{},"s":{"0":4,"1":5},"f":{"0":4,"1":5},"b":{},"_coverageSchema":"1a1c01bbd47fc00a2c39e90264f33305004495a9","hash":"d4872fc2bc96bbc044aeee702846b2a1dc6adbaa"}
}
